\BOOKMARK [0][-]{chapter.1}{\376\377\137\353\220\037\121\145\225\350\116\016\127\372\147\054\176\323\147\204}{}% 1
\BOOKMARK [1][-]{section.1.1}{\376\377\145\207\150\143\174\173\220\011\230\171}{chapter.1}% 2
\BOOKMARK [1][-]{section.1.2}{\376\377\213\325\123\167\122\006\131\127\211\304\122\031}{chapter.1}% 3
\BOOKMARK [0][-]{chapter.2}{\376\377\230\230\166\356\116\016\220\011\230\171\163\257\130\203}{}% 4
\BOOKMARK [1][-]{section.2.1}{\376\377\000e\000x\000a\000m\000p\000l\000e\000\040\163\257\130\203\127\372\147\054\213\355\154\325}{chapter.2}% 5
\BOOKMARK [2][-]{subsection.2.1.1}{\376\377\230\230\127\213\177\026\123\367}{section.2.1}% 6
\BOOKMARK [2][-]{subsection.2.1.2}{\376\377\230\230\156\220\117\341\140\157\377\010\123\357\220\011\123\302\145\160\377\011}{section.2.1}% 7
\BOOKMARK [1][-]{section.2.2}{\376\377\220\011\142\351\230\230\143\222\162\110\377\032\000c\000h\000o\000i\000c\000e\000s\000\040\163\257\130\203}{chapter.2}% 8
\BOOKMARK [1][-]{section.2.3}{\376\377\131\047\230\230\150\007\230\230\377\032\000\134\000p\000a\000r\000t\000t\000i\000t\000l\000e}{chapter.2}% 9
\BOOKMARK [0][-]{chapter.3}{\376\377\173\124\150\110\060\001\211\343\147\220\116\016\226\220\205\317\143\247\122\066}{}% 10
\BOOKMARK [1][-]{section.3.1}{\376\377\173\124\150\110\166\204\146\076\171\072\116\016\226\220\205\317}{chapter.3}% 11
\BOOKMARK [1][-]{section.3.2}{\376\377\200\003\160\271\060\001\173\124\150\110\116\016\211\343\147\220\116\023\165\050\163\257\130\203}{chapter.3}% 12
\BOOKMARK [0][-]{chapter.4}{\376\377\121\166\116\326\136\070\165\050\124\175\116\344}{}% 13
\BOOKMARK [1][-]{section.4.1}{\376\377\130\153\172\172\116\016\152\052\176\277}{chapter.4}% 14
\BOOKMARK [1][-]{section.4.2}{\376\377\136\046\127\010\145\160\133\127}{chapter.4}% 15
\BOOKMARK [1][-]{section.4.3}{\376\377\137\151\202\162\143\320\171\072\166\322\000\040\000h\000e\000z\000i}{chapter.4}% 16
\BOOKMARK [1][-]{section.4.4}{\376\377\116\015\177\026\123\367\172\340\202\202}{chapter.4}% 17
\BOOKMARK [1][-]{section.4.5}{\376\377\226\104\137\125\377\032\116\343\170\001\143\222\162\110\171\072\117\213}{chapter.4}% 18
\BOOKMARK [1][-]{section.4.6}{\376\377\121\166\116\326\145\160\133\146\173\046\123\367}{chapter.4}% 19
\BOOKMARK [0][-]{chapter.5}{\376\377\133\214\145\164\171\072\117\213}{}% 20
\BOOKMARK [1][-]{section.5.1}{\376\377\0002\0000\0002\0005\136\164\146\156\220\032\232\330\173\111\133\146\150\041\142\333\165\037\121\150\126\375\176\337\116\000\200\003\213\325\000\050\145\260\232\330\200\003\0001\123\167\000\051}{chapter.5}% 21
